{"/home/shin/www/vertical-timeline-component/src/VerticalTimeline.jsx": {"path":"/home/shin/www/vertical-timeline-component/src/VerticalTimeline.jsx","statementMap":{"0":{"start":{"line":6,"column":34},"end":{"line":6,"column":44}},"1":{"start":{"line":7,"column":24},"end":{"line":7,"column":34}},"2":{"start":{"line":9,"column":4},"end":{"line":9,"column":38}},"3":{"start":{"line":11,"column":4},"end":{"line":13,"column":5}},"4":{"start":{"line":12,"column":6},"end":{"line":12,"column":49}},"5":{"start":{"line":15,"column":4},"end":{"line":19,"column":6}},"6":{"start":{"line":23,"column":0},"end":{"line":30,"column":2}},"7":{"start":{"line":32,"column":0},"end":{"line":35,"column":2}}},"fnMap":{"0":{"name":"(anonymous_0)","decl":{"start":{"line":5,"column":2},"end":{"line":5,"column":3}},"loc":{"start":{"line":5,"column":11},"end":{"line":20,"column":3}},"line":5}},"branchMap":{"0":{"loc":{"start":{"line":11,"column":4},"end":{"line":13,"column":5}},"type":"if","locations":[{"start":{"line":11,"column":4},"end":{"line":13,"column":5}},{"start":{"line":11,"column":4},"end":{"line":13,"column":5}}],"line":11}},"s":{"0":3,"1":3,"2":3,"3":3,"4":2,"5":3,"6":1,"7":1},"f":{"0":3},"b":{"0":[2,1]},"_coverageSchema":"332fd63041d2c1bcb487cc26dd0d5f7d97098a6c","hash":"a2db58319e05cbeacb98b89046df57e017558051"}
,"/home/shin/www/vertical-timeline-component/src/VerticalTimelineElement.jsx": {"path":"/home/shin/www/vertical-timeline-component/src/VerticalTimelineElement.jsx","statementMap":{"0":{"start":{"line":8,"column":4},"end":{"line":8,"column":17}},"1":{"start":{"line":9,"column":4},"end":{"line":9,"column":77}},"2":{"start":{"line":10,"column":4},"end":{"line":10,"column":36}},"3":{"start":{"line":14,"column":4},"end":{"line":16,"column":5}},"4":{"start":{"line":15,"column":6},"end":{"line":15,"column":39}},"5":{"start":{"line":20,"column":62},"end":{"line":20,"column":72}},"6":{"start":{"line":21,"column":24},"end":{"line":21,"column":34}},"7":{"start":{"line":23,"column":4},"end":{"line":23,"column":46}},"8":{"start":{"line":25,"column":4},"end":{"line":27,"column":5}},"9":{"start":{"line":26,"column":6},"end":{"line":26,"column":54}},"10":{"start":{"line":29,"column":4},"end":{"line":31,"column":5}},"11":{"start":{"line":30,"column":6},"end":{"line":30,"column":55}},"12":{"start":{"line":33,"column":4},"end":{"line":45,"column":6}},"13":{"start":{"line":49,"column":0},"end":{"line":60,"column":2}},"14":{"start":{"line":62,"column":0},"end":{"line":70,"column":2}}},"fnMap":{"0":{"name":"(anonymous_0)","decl":{"start":{"line":7,"column":2},"end":{"line":7,"column":3}},"loc":{"start":{"line":7,"column":21},"end":{"line":11,"column":3}},"line":7},"1":{"name":"(anonymous_1)","decl":{"start":{"line":13,"column":2},"end":{"line":13,"column":3}},"loc":{"start":{"line":13,"column":38},"end":{"line":17,"column":3}},"line":13},"2":{"name":"(anonymous_2)","decl":{"start":{"line":19,"column":2},"end":{"line":19,"column":3}},"loc":{"start":{"line":19,"column":11},"end":{"line":46,"column":3}},"line":19}},"branchMap":{"0":{"loc":{"start":{"line":14,"column":4},"end":{"line":16,"column":5}},"type":"if","locations":[{"start":{"line":14,"column":4},"end":{"line":16,"column":5}},{"start":{"line":14,"column":4},"end":{"line":16,"column":5}}],"line":14},"1":{"loc":{"start":{"line":25,"column":4},"end":{"line":27,"column":5}},"type":"if","locations":[{"start":{"line":25,"column":4},"end":{"line":27,"column":5}},{"start":{"line":25,"column":4},"end":{"line":27,"column":5}}],"line":25},"2":{"loc":{"start":{"line":29,"column":4},"end":{"line":31,"column":5}},"type":"if","locations":[{"start":{"line":29,"column":4},"end":{"line":31,"column":5}},{"start":{"line":29,"column":4},"end":{"line":31,"column":5}}],"line":29},"3":{"loc":{"start":{"line":37,"column":81},"end":{"line":37,"column":127}},"type":"cond-expr","locations":[{"start":{"line":37,"column":102},"end":{"line":37,"column":113}},{"start":{"line":37,"column":116},"end":{"line":37,"column":127}}],"line":37},"4":{"loc":{"start":{"line":38,"column":65},"end":{"line":38,"column":111}},"type":"cond-expr","locations":[{"start":{"line":38,"column":86},"end":{"line":38,"column":97}},{"start":{"line":38,"column":100},"end":{"line":38,"column":111}}],"line":38}},"s":{"0":2,"1":2,"2":2,"3":2,"4":2,"5":4,"6":4,"7":4,"8":4,"9":0,"10":4,"11":2,"12":4,"13":1,"14":1},"f":{"0":2,"1":2,"2":4},"b":{"0":[2,0],"1":[0,4],"2":[2,2],"3":[2,2],"4":[2,2]},"_coverageSchema":"332fd63041d2c1bcb487cc26dd0d5f7d97098a6c","hash":"4ac6c6dc92642453c6cede20f2e8593cc69358d4"}
}
