TN:
SF:/home/shin/www/vertical-timeline-component/src/VerticalTimeline.jsx
FN:5,(anonymous_0)
FNF:1
FNH:1
FNDA:3,(anonymous_0)
DA:6,3
DA:7,3
DA:9,3
DA:11,3
DA:12,2
DA:15,3
DA:23,1
DA:32,1
LF:8
LH:8
BRDA:11,0,0,2
BRDA:11,0,1,1
BRF:2
BRH:2
end_of_record
TN:
SF:/home/shin/www/vertical-timeline-component/src/VerticalTimelineElement.jsx
FN:7,(anonymous_0)
FN:13,(anonymous_1)
FN:19,(anonymous_2)
FNF:3
FNH:3
FNDA:2,(anonymous_0)
FNDA:2,(anonymous_1)
FNDA:4,(anonymous_2)
DA:8,2
DA:9,2
DA:10,2
DA:14,2
DA:15,2
DA:20,4
DA:21,4
DA:23,4
DA:25,4
DA:26,0
DA:29,4
DA:30,2
DA:33,4
DA:49,1
DA:62,1
LF:15
LH:14
BRDA:14,0,0,2
BRDA:14,0,1,0
BRDA:25,1,0,0
BRDA:25,1,1,4
BRDA:29,2,0,2
BRDA:29,2,1,2
BRDA:37,3,0,2
BRDA:37,3,1,2
BRDA:38,4,0,2
BRDA:38,4,1,2
BRF:10
BRH:8
end_of_record
